<?xml version="1.0" encoding="UTF-8"?>
<!-- Generated by org.testng.reporters.JUnitXMLReporter -->
<testsuite hostname="LAPTOP-G1SGT9C8" ignored="0" name="Default test" tests="3" failures="0" timestamp="2020-05-28T12:01:12 IST" time="0.087" errors="0">
  <testcase name="WebloginHomeLoan" time="0.01" classname="testngPackage.Test4"/>
  <testcase name="MobilelogininHomeloan" time="0.009" classname="testngPackage.Test4"/>
  <testcase name="ApinapiHomeloan" time="0.002" classname="testngPackage.Test4"/>
</testsuite> <!-- Default test -->
