<?xml version="1.0" encoding="UTF-8"?>
<!-- Generated by org.testng.reporters.JUnitXMLReporter -->
<testsuite hostname="LAPTOP-G1SGT9C8" ignored="2" name="Car loan" tests="3" failures="0" timestamp="2020-05-28T18:09:53 IST" time="0.017" errors="0">
  <testcase name="MobileSIGNIN" time="0.001" classname="testngPackage.Test3"/>
  <testcase name="MobileSIGNOut" time="0.003" classname="testngPackage.Test3"/>
  <testcase name="Mobileloginincarloan" time="0.001" classname="testngPackage.Test3"/>
  <testcase name="WebloginCarLoan" time="0.0" classname="testngPackage.Test3">
    <ignored/>
  </testcase> <!-- WebloginCarLoan -->
  <testcase name="Loginapicarloan" time="0.0" classname="testngPackage.Test3">
    <ignored/>
  </testcase> <!-- Loginapicarloan -->
</testsuite> <!-- Car loan -->
