<?xml version="1.0" encoding="UTF-8"?>
<!-- Generated by org.testng.reporters.JUnitXMLReporter -->
<testsuite hostname="LAPTOP-G1SGT9C8" ignored="0" name="Personal loan" tests="6" failures="0" timestamp="2020-05-28T18:09:53 IST" time="0.124" errors="0">
  <testcase name="Demo" time="0.013" classname="testngPackage.S138Testng"/>
  <testcase name="Demo1" time="0.006" classname="testngPackage.S138Testng"/>
  <testcase name="secondtest" time="0.001" classname="testngPackage.Test2"/>
  <testcase name="MobilelogininHomeloan" time="0.008" classname="testngPackage.Test4"/>
  <testcase name="WebloginHomeLoan" time="0.002" classname="testngPackage.Test4"/>
  <testcase name="ApinapiHomeloan" time="0.003" classname="testngPackage.Test4"/>
</testsuite> <!-- Personal loan -->
