<?xml version="1.0" encoding="UTF-8"?>
<!-- Generated by org.testng.reporters.JUnitXMLReporter -->
<testsuite hostname="LAPTOP-G1SGT9C8" ignored="7" name="Regression" tests="4" failures="0" timestamp="2020-05-28T00:33:08 IST" time="0.09" errors="0">
  <testcase name="Demo1" time="0.019" classname="testngPackage.S138Testng"/>
  <testcase name="secondtest" time="0.002" classname="testngPackage.Test2"/>
  <testcase name="Mobileloginincarloan" time="0.003" classname="testngPackage.Test3"/>
  <testcase name="LoginapiHomeloan" time="0.002" classname="testngPackage.Test4"/>
  <testcase name="MobilelogininHomeloan" time="0.0" classname="testngPackage.Test4">
    <ignored/>
  </testcase> <!-- MobilelogininHomeloan -->
  <testcase name="MobileSIGNIN" time="0.0" classname="testngPackage.Test3">
    <ignored/>
  </testcase> <!-- MobileSIGNIN -->
  <testcase name="WebloginCarLoan" time="0.0" classname="testngPackage.Test3">
    <ignored/>
  </testcase> <!-- WebloginCarLoan -->
  <testcase name="MobileSIGNOut" time="0.0" classname="testngPackage.Test3">
    <ignored/>
  </testcase> <!-- MobileSIGNOut -->
  <testcase name="Demo" time="0.0" classname="testngPackage.S138Testng">
    <ignored/>
  </testcase> <!-- Demo -->
  <testcase name="Loginapicarloan" time="0.0" classname="testngPackage.Test3">
    <ignored/>
  </testcase> <!-- Loginapicarloan -->
  <testcase name="WebloginHomeLoan" time="0.0" classname="testngPackage.Test4">
    <ignored/>
  </testcase> <!-- WebloginHomeLoan -->
</testsuite> <!-- Regression -->
